SF:lib/feed_list.dart
DA:73,1
DA:80,1
DA:82,1
DA:83,1
DA:85,1
DA:87,1
DA:88,2
DA:90,1
DA:91,1
DA:92,2
DA:93,1
DA:95,2
DA:96,1
DA:104,1
DA:106,2
DA:107,1
DA:110,1
DA:112,3
DA:120,1
DA:122,2
DA:123,1
DA:126,1
DA:128,3
DA:136,1
DA:137,1
DA:142,1
DA:143,2
DA:144,2
DA:145,1
DA:146,2
DA:147,1
DA:151,1
DA:152,2
DA:153,2
DA:154,2
DA:156,1
DA:157,3
DA:159,2
DA:162,1
DA:163,1
DA:165,3
DA:166,1
DA:167,2
DA:178,2
DA:179,1
DA:181,2
DA:183,1
DA:186,1
DA:187,4
DA:198,4
DA:199,3
DA:203,1
DA:205,1
DA:206,3
LF:54
LH:54
end_of_record
SF:lib/feed_list_repo.dart
DA:6,3
DA:14,3
DA:27,4
DA:32,1
DA:34,3
DA:44,6
DA:50,1
DA:52,4
DA:55,5
DA:56,0
DA:58,5
DA:59,0
DA:61,5
DA:62,0
DA:64,1
DA:65,1
DA:70,1
DA:71,1
DA:76,1
DA:77,1
DA:82,1
DA:83,1
DA:88,0
DA:89,0
DA:94,1
DA:95,1
DA:100,1
DA:101,1
DA:106,1
DA:107,1
DA:127,1
DA:134,1
DA:135,2
DA:139,1
DA:140,3
DA:142,3
DA:143,3
DA:144,3
DA:146,5
DA:149,3
DA:154,1
DA:156,2
DA:157,2
DA:158,4
DA:159,3
DA:161,5
DA:162,1
DA:163,4
DA:166,4
DA:167,3
DA:172,1
DA:173,1
DA:177,2
DA:178,2
DA:179,5
DA:181,4
DA:184,5
LF:57
LH:52
end_of_record
